{"/home/niko/Dev/FlexQueue/organization/src/app.controller.ts": {"path":"/home/niko/Dev/FlexQueue/organization/src/app.controller.ts","statementMap":{"0":{"start":{"line":1,"column":0},"end":{"line":1,"column":49}},"1":{"start":{"line":2,"column":0},"end":{"line":2,"column":60}},"2":{"start":{"line":3,"column":0},"end":{"line":3,"column":43}},"3":{"start":{"line":6,"column":7},"end":{"line":15,"column":null}},"4":{"start":{"line":7,"column":31},"end":{"line":7,"column":43}},"5":{"start":{"line":13,"column":4},"end":{"line":13,"column":38}},"6":{"start":{"line":6,"column":13},"end":{"line":6,"column":26}},"7":{"start":{"line":12,"column":2},"end":{"line":14,"column":null}},"8":{"start":{"line":6,"column":13},"end":{"line":15,"column":null}}},"fnMap":{"0":{"name":"(anonymous_2)","decl":{"start":{"line":7,"column":2},"end":{"line":7,"column":31}},"loc":{"start":{"line":7,"column":53},"end":{"line":7,"column":57}}},"1":{"name":"(anonymous_3)","decl":{"start":{"line":12,"column":2},"end":{"line":12,"column":10}},"loc":{"start":{"line":12,"column":10},"end":{"line":14,"column":3}}}},"branchMap":{"0":{"loc":{"start":{"line":7,"column":43},"end":{"line":7,"column":56}},"type":"cond-expr","locations":[{"start":{"line":7,"column":53},"end":{"line":7,"column":56}},{"start":{"line":7,"column":53},"end":{"line":7,"column":56}}]},"1":{"loc":{"start":{"line":7,"column":43},"end":{"line":7,"column":53}},"type":"binary-expr","locations":[{"start":{"line":7,"column":43},"end":{"line":7,"column":56}},{"start":{"line":7,"column":43},"end":{"line":7,"column":53}}]}},"s":{"0":1,"1":1,"2":1,"3":1,"4":1,"5":1,"6":1,"7":1,"8":1},"f":{"0":1,"1":1},"b":{"0":[1,0],"1":[1,1]}}
,"/home/niko/Dev/FlexQueue/organization/src/app.service.ts": {"path":"/home/niko/Dev/FlexQueue/organization/src/app.service.ts","statementMap":{"0":{"start":{"line":1,"column":0},"end":{"line":1,"column":44}},"1":{"start":{"line":4,"column":7},"end":{"line":8,"column":null}},"2":{"start":{"line":6,"column":4},"end":{"line":6,"column":26}},"3":{"start":{"line":4,"column":13},"end":{"line":4,"column":23}},"4":{"start":{"line":4,"column":13},"end":{"line":8,"column":null}}},"fnMap":{"0":{"name":"(anonymous_1)","decl":{"start":{"line":5,"column":2},"end":{"line":5,"column":10}},"loc":{"start":{"line":5,"column":10},"end":{"line":7,"column":3}}}},"branchMap":{},"s":{"0":1,"1":1,"2":1,"3":1,"4":1},"f":{"0":1},"b":{}}
,"/home/niko/Dev/FlexQueue/organization/src/organization/controller/organization-login.controller.ts": {"path":"/home/niko/Dev/FlexQueue/organization/src/organization/controller/organization-login.controller.ts","statementMap":{"0":{"start":{"line":1,"column":0},"end":{"line":1,"column":64}},"1":{"start":{"line":2,"column":0},"end":{"line":2,"column":69}},"2":{"start":{"line":3,"column":0},"end":{"line":3,"column":69}},"3":{"start":{"line":4,"column":0},"end":{"line":4,"column":83}},"4":{"start":{"line":8,"column":7},"end":{"line":19,"column":null}},"5":{"start":{"line":17,"column":4},"end":{"line":17,"column":54}},"6":{"start":{"line":8,"column":13},"end":{"line":8,"column":40}},"7":{"start":{"line":10,"column":19},"end":{"line":10,"column":null}},"8":{"start":{"line":16,"column":8},"end":{"line":18,"column":null}},"9":{"start":{"line":8,"column":13},"end":{"line":19,"column":null}}},"fnMap":{"0":{"name":"(anonymous_4)","decl":{"start":{"line":16,"column":8},"end":{"line":16,"column":13}},"loc":{"start":{"line":16,"column":48},"end":{"line":18,"column":3}}}},"branchMap":{"0":{"loc":{"start":{"line":10,"column":46},"end":{"line":10,"column":72}},"type":"cond-expr","locations":[{"start":{"line":10,"column":71},"end":{"line":10,"column":72}},{"start":{"line":10,"column":71},"end":{"line":10,"column":72}}]},"1":{"loc":{"start":{"line":10,"column":46},"end":{"line":10,"column":71}},"type":"binary-expr","locations":[{"start":{"line":10,"column":46},"end":{"line":10,"column":72}},{"start":{"line":10,"column":46},"end":{"line":10,"column":71}}]},"2":{"loc":{"start":{"line":16,"column":28},"end":{"line":16,"column":null}},"type":"cond-expr","locations":[{"start":{"line":16,"column":48},"end":{"line":16,"column":null}},{"start":{"line":16,"column":48},"end":{"line":16,"column":null}}]},"3":{"loc":{"start":{"line":16,"column":28},"end":{"line":16,"column":48}},"type":"binary-expr","locations":[{"start":{"line":16,"column":28},"end":{"line":16,"column":null}},{"start":{"line":16,"column":28},"end":{"line":16,"column":48}}]}},"s":{"0":1,"1":1,"2":1,"3":1,"4":1,"5":2,"6":1,"7":1,"8":1,"9":1},"f":{"0":2},"b":{"0":[1,0],"1":[1,1],"2":[1,0],"3":[1,1]}}
,"/home/niko/Dev/FlexQueue/organization/src/organization/controller/organization-signup.controller.ts": {"path":"/home/niko/Dev/FlexQueue/organization/src/organization/controller/organization-signup.controller.ts","statementMap":{"0":{"start":{"line":1,"column":0},"end":{"line":1,"column":86}},"1":{"start":{"line":2,"column":0},"end":{"line":2,"column":83}},"2":{"start":{"line":3,"column":0},"end":{"line":3,"column":71}},"3":{"start":{"line":6,"column":7},"end":{"line":16,"column":null}},"4":{"start":{"line":14,"column":4},"end":{"line":14,"column":48}},"5":{"start":{"line":6,"column":13},"end":{"line":6,"column":41}},"6":{"start":{"line":9,"column":19},"end":{"line":9,"column":null}},"7":{"start":{"line":13,"column":8},"end":{"line":15,"column":null}},"8":{"start":{"line":6,"column":13},"end":{"line":16,"column":null}}},"fnMap":{"0":{"name":"(anonymous_4)","decl":{"start":{"line":13,"column":8},"end":{"line":13,"column":14}},"loc":{"start":{"line":13,"column":55},"end":{"line":15,"column":3}}}},"branchMap":{"0":{"loc":{"start":{"line":9,"column":34},"end":{"line":9,"column":60}},"type":"cond-expr","locations":[{"start":{"line":9,"column":59},"end":{"line":9,"column":60}},{"start":{"line":9,"column":59},"end":{"line":9,"column":60}}]},"1":{"loc":{"start":{"line":9,"column":34},"end":{"line":9,"column":59}},"type":"binary-expr","locations":[{"start":{"line":9,"column":34},"end":{"line":9,"column":60}},{"start":{"line":9,"column":34},"end":{"line":9,"column":59}}]},"2":{"loc":{"start":{"line":13,"column":34},"end":{"line":13,"column":null}},"type":"cond-expr","locations":[{"start":{"line":13,"column":55},"end":{"line":13,"column":null}},{"start":{"line":13,"column":55},"end":{"line":13,"column":null}}]},"3":{"loc":{"start":{"line":13,"column":34},"end":{"line":13,"column":55}},"type":"binary-expr","locations":[{"start":{"line":13,"column":34},"end":{"line":13,"column":null}},{"start":{"line":13,"column":34},"end":{"line":13,"column":55}}]}},"s":{"0":1,"1":1,"2":1,"3":1,"4":5,"5":1,"6":1,"7":1,"8":1},"f":{"0":5},"b":{"0":[1,0],"1":[1,1],"2":[1,0],"3":[1,1]}}
,"/home/niko/Dev/FlexQueue/organization/src/organization/dto/login-organization.dto.ts": {"path":"/home/niko/Dev/FlexQueue/organization/src/organization/dto/login-organization.dto.ts","statementMap":{"0":{"start":{"line":1,"column":0},"end":{"line":1,"column":46}},"1":{"start":{"line":2,"column":0},"end":{"line":2,"column":54}},"2":{"start":{"line":4,"column":0},"end":{"line":4,"column":13}},"3":{"start":{"line":10,"column":2},"end":{"line":10,"column":null}},"4":{"start":{"line":17,"column":2},"end":{"line":17,"column":null}}},"fnMap":{},"branchMap":{},"s":{"0":1,"1":1,"2":1,"3":1,"4":1},"f":{},"b":{}}
,"/home/niko/Dev/FlexQueue/organization/src/organization/dto/organization-prisma.mapper.ts": {"path":"/home/niko/Dev/FlexQueue/organization/src/organization/dto/organization-prisma.mapper.ts","statementMap":{"0":{"start":{"line":1,"column":0},"end":{"line":1,"column":44}},"1":{"start":{"line":2,"column":0},"end":{"line":2,"column":58}},"2":{"start":{"line":7,"column":7},"end":{"line":56,"column":null}},"3":{"start":{"line":9,"column":4},"end":{"line":11,"column":5}},"4":{"start":{"line":10,"column":6},"end":{"line":10,"column":23}},"5":{"start":{"line":13,"column":4},"end":{"line":28,"column":5}},"6":{"start":{"line":15,"column":8},"end":{"line":15,"column":40}},"7":{"start":{"line":17,"column":8},"end":{"line":17,"column":43}},"8":{"start":{"line":19,"column":8},"end":{"line":19,"column":54}},"9":{"start":{"line":21,"column":8},"end":{"line":21,"column":39}},"10":{"start":{"line":23,"column":8},"end":{"line":23,"column":43}},"11":{"start":{"line":25,"column":8},"end":{"line":25,"column":38}},"12":{"start":{"line":27,"column":8},"end":{"line":27,"column":25}},"13":{"start":{"line":39,"column":29},"end":{"line":39,"column":63}},"14":{"start":{"line":41,"column":4},"end":{"line":53,"column":6}},"15":{"start":{"line":7,"column":13},"end":{"line":7,"column":37}},"16":{"start":{"line":7,"column":13},"end":{"line":56,"column":null}}},"fnMap":{"0":{"name":"(anonymous_1)","decl":{"start":{"line":8,"column":2},"end":{"line":8,"column":21}},"loc":{"start":{"line":8,"column":35},"end":{"line":29,"column":3}}},"1":{"name":"(anonymous_2)","decl":{"start":{"line":31,"column":2},"end":{"line":31,"column":14}},"loc":{"start":{"line":31,"column":41},"end":{"line":54,"column":3}}}},"branchMap":{"0":{"loc":{"start":{"line":9,"column":4},"end":{"line":11,"column":5}},"type":"if","locations":[{"start":{"line":9,"column":4},"end":{"line":11,"column":5}},{"start":{},"end":{}}]},"1":{"loc":{"start":{"line":13,"column":4},"end":{"line":28,"column":5}},"type":"switch","locations":[{"start":{"line":14,"column":6},"end":{"line":15,"column":40}},{"start":{"line":16,"column":6},"end":{"line":17,"column":43}},{"start":{"line":18,"column":6},"end":{"line":19,"column":54}},{"start":{"line":20,"column":6},"end":{"line":21,"column":39}},{"start":{"line":22,"column":6},"end":{"line":23,"column":43}},{"start":{"line":24,"column":6},"end":{"line":25,"column":38}},{"start":{"line":26,"column":6},"end":{"line":27,"column":25}}]},"2":{"loc":{"start":{"line":46,"column":12},"end":{"line":46,"column":62}},"type":"cond-expr","locations":[{"start":{"line":46,"column":31},"end":{"line":46,"column":57}},{"start":{"line":46,"column":60},"end":{"line":46,"column":62}}]}},"s":{"0":3,"1":3,"2":3,"3":0,"4":0,"5":0,"6":0,"7":0,"8":0,"9":0,"10":0,"11":0,"12":0,"13":0,"14":0,"15":3,"16":3},"f":{"0":0,"1":0},"b":{"0":[0,0],"1":[0,0,0,0,0,0,0],"2":[0,0]}}
,"/home/niko/Dev/FlexQueue/organization/src/organization/dto/organization.constants.ts": {"path":"/home/niko/Dev/FlexQueue/organization/src/organization/dto/organization.constants.ts","statementMap":{"0":{"start":{"line":2,"column":13},"end":{"line":9,"column":12}}},"fnMap":{},"branchMap":{},"s":{"0":1},"f":{},"b":{}}
,"/home/niko/Dev/FlexQueue/organization/src/organization/dto/signup.organization.dto.ts": {"path":"/home/niko/Dev/FlexQueue/organization/src/organization/dto/signup.organization.dto.ts","statementMap":{"0":{"start":{"line":1,"column":0},"end":{"line":1,"column":null}},"1":{"start":{"line":8,"column":0},"end":{"line":8,"column":46}},"2":{"start":{"line":9,"column":0},"end":{"line":9,"column":68}},"3":{"start":{"line":12,"column":0},"end":{"line":12,"column":13}},"4":{"start":{"line":21,"column":1},"end":{"line":21,"column":null}},"5":{"start":{"line":30,"column":1},"end":{"line":30,"column":null}},"6":{"start":{"line":41,"column":1},"end":{"line":41,"column":null}},"7":{"start":{"line":52,"column":1},"end":{"line":52,"column":null}},"8":{"start":{"line":61,"column":1},"end":{"line":61,"column":null}},"9":{"start":{"line":70,"column":1},"end":{"line":70,"column":null}},"10":{"start":{"line":79,"column":1},"end":{"line":79,"column":null}}},"fnMap":{},"branchMap":{},"s":{"0":1,"1":1,"2":1,"3":1,"4":1,"5":1,"6":1,"7":1,"8":1,"9":1,"10":1},"f":{},"b":{}}
,"/home/niko/Dev/FlexQueue/organization/src/organization/provider/local-organization-auth.provider.ts": {"path":"/home/niko/Dev/FlexQueue/organization/src/organization/provider/local-organization-auth.provider.ts","statementMap":{"0":{"start":{"line":1,"column":0},"end":{"line":1,"column":75}},"1":{"start":{"line":7,"column":0},"end":{"line":7,"column":79}},"2":{"start":{"line":8,"column":0},"end":{"line":8,"column":81}},"3":{"start":{"line":9,"column":0},"end":{"line":9,"column":33}},"4":{"start":{"line":12,"column":7},"end":{"line":43,"column":null}},"5":{"start":{"line":20,"column":17},"end":{"line":20,"column":83}},"6":{"start":{"line":21,"column":4},"end":{"line":23,"column":5}},"7":{"start":{"line":22,"column":6},"end":{"line":22,"column":61}},"8":{"start":{"line":25,"column":18},"end":{"line":25,"column":73}},"9":{"start":{"line":26,"column":4},"end":{"line":28,"column":5}},"10":{"start":{"line":27,"column":6},"end":{"line":27,"column":61}},"11":{"start":{"line":30,"column":38},"end":{"line":30,"column":42}},"12":{"start":{"line":31,"column":24},"end":{"line":31,"column":64}},"13":{"start":{"line":32,"column":25},"end":{"line":32,"column":66}},"14":{"start":{"line":34,"column":4},"end":{"line":41,"column":6}},"15":{"start":{"line":12,"column":13},"end":{"line":12,"column":42}},"16":{"start":{"line":14,"column":19},"end":{"line":14,"column":null}},"17":{"start":{"line":17,"column":19},"end":{"line":17,"column":null}},"18":{"start":{"line":12,"column":13},"end":{"line":43,"column":null}}},"fnMap":{"0":{"name":"(anonymous_11)","decl":{"start":{"line":19,"column":2},"end":{"line":19,"column":7}},"loc":{"start":{"line":19,"column":45},"end":{"line":42,"column":3}}}},"branchMap":{"0":{"loc":{"start":{"line":21,"column":4},"end":{"line":23,"column":5}},"type":"if","locations":[{"start":{"line":21,"column":4},"end":{"line":23,"column":5}},{"start":{},"end":{}}]},"1":{"loc":{"start":{"line":21,"column":8},"end":{"line":21,"column":38}},"type":"binary-expr","locations":[{"start":{"line":21,"column":8},"end":{"line":21,"column":13}},{"start":{"line":21,"column":17},"end":{"line":21,"column":38}}]},"2":{"loc":{"start":{"line":26,"column":4},"end":{"line":28,"column":5}},"type":"if","locations":[{"start":{"line":26,"column":4},"end":{"line":28,"column":5}},{"start":{},"end":{}}]},"3":{"loc":{"start":{"line":14,"column":43},"end":{"line":14,"column":66}},"type":"cond-expr","locations":[{"start":{"line":14,"column":65},"end":{"line":14,"column":66}},{"start":{"line":14,"column":65},"end":{"line":14,"column":66}}]},"4":{"loc":{"start":{"line":14,"column":43},"end":{"line":14,"column":65}},"type":"binary-expr","locations":[{"start":{"line":14,"column":43},"end":{"line":14,"column":66}},{"start":{"line":14,"column":43},"end":{"line":14,"column":65}}]},"5":{"loc":{"start":{"line":17,"column":33},"end":{"line":17,"column":58}},"type":"cond-expr","locations":[{"start":{"line":17,"column":57},"end":{"line":17,"column":58}},{"start":{"line":17,"column":57},"end":{"line":17,"column":58}}]},"6":{"loc":{"start":{"line":17,"column":33},"end":{"line":17,"column":57}},"type":"binary-expr","locations":[{"start":{"line":17,"column":33},"end":{"line":17,"column":58}},{"start":{"line":17,"column":33},"end":{"line":17,"column":57}}]}},"s":{"0":1,"1":1,"2":1,"3":1,"4":1,"5":4,"6":4,"7":2,"8":2,"9":2,"10":1,"11":1,"12":1,"13":1,"14":1,"15":1,"16":1,"17":1,"18":1},"f":{"0":4},"b":{"0":[2,2],"1":[4,3],"2":[1,1],"3":[1,0],"4":[1,1],"5":[1,0],"6":[1,1]}}
,"/home/niko/Dev/FlexQueue/organization/src/organization/provider/organization-auth.provider.ts": {"path":"/home/niko/Dev/FlexQueue/organization/src/organization/provider/organization-auth.provider.ts","statementMap":{"0":{"start":{"line":4,"column":13},"end":{"line":4,"column":79}}},"fnMap":{},"branchMap":{},"s":{"0":3},"f":{},"b":{}}
,"/home/niko/Dev/FlexQueue/organization/src/organization/repository/organization.repository.ts": {"path":"/home/niko/Dev/FlexQueue/organization/src/organization/repository/organization.repository.ts","statementMap":{"0":{"start":{"line":1,"column":0},"end":{"line":1,"column":52}},"1":{"start":{"line":3,"column":0},"end":{"line":3,"column":60}},"2":{"start":{"line":12,"column":7},"end":{"line":48,"column":null}},"3":{"start":{"line":17,"column":4},"end":{"line":19,"column":7}},"4":{"start":{"line":27,"column":54},"end":{"line":27,"column":60}},"5":{"start":{"line":29,"column":4},"end":{"line":46,"column":7}},"6":{"start":{"line":30,"column":25},"end":{"line":32,"column":8}},"7":{"start":{"line":34,"column":26},"end":{"line":43,"column":8}},"8":{"start":{"line":45,"column":6},"end":{"line":45,"column":61}},"9":{"start":{"line":12,"column":13},"end":{"line":12,"column":35}},"10":{"start":{"line":14,"column":19},"end":{"line":14,"column":null}},"11":{"start":{"line":12,"column":13},"end":{"line":48,"column":null}}},"fnMap":{"0":{"name":"(anonymous_2)","decl":{"start":{"line":16,"column":2},"end":{"line":16,"column":7}},"loc":{"start":{"line":16,"column":37},"end":{"line":20,"column":3}}},"1":{"name":"(anonymous_3)","decl":{"start":{"line":22,"column":2},"end":{"line":22,"column":7}},"loc":{"start":{"line":26,"column":3},"end":{"line":47,"column":3}}},"2":{"name":"(anonymous_4)","decl":{"start":{"line":29,"column":36},"end":{"line":29,"column":41}},"loc":{"start":{"line":29,"column":49},"end":{"line":46,"column":5}}}},"branchMap":{"0":{"loc":{"start":{"line":14,"column":27},"end":{"line":14,"column":41}},"type":"cond-expr","locations":[{"start":{"line":14,"column":40},"end":{"line":14,"column":41}},{"start":{"line":14,"column":40},"end":{"line":14,"column":41}}]},"1":{"loc":{"start":{"line":14,"column":27},"end":{"line":14,"column":40}},"type":"binary-expr","locations":[{"start":{"line":14,"column":27},"end":{"line":14,"column":41}},{"start":{"line":14,"column":27},"end":{"line":14,"column":40}}]}},"s":{"0":4,"1":4,"2":4,"3":0,"4":0,"5":0,"6":0,"7":0,"8":0,"9":4,"10":4,"11":4},"f":{"0":0,"1":0,"2":0},"b":{"0":[4,0],"1":[4,4]}}
,"/home/niko/Dev/FlexQueue/organization/src/organization/service/email.service.ts": {"path":"/home/niko/Dev/FlexQueue/organization/src/organization/service/email.service.ts","statementMap":{"0":{"start":{"line":1,"column":0},"end":{"line":1,"column":44}},"1":{"start":{"line":2,"column":0},"end":{"line":2,"column":41}},"2":{"start":{"line":13,"column":7},"end":{"line":101,"column":null}},"3":{"start":{"line":17,"column":4},"end":{"line":25,"column":7}},"4":{"start":{"line":29,"column":24},"end":{"line":34,"column":6}},"5":{"start":{"line":36,"column":4},"end":{"line":42,"column":5}},"6":{"start":{"line":37,"column":6},"end":{"line":37,"column":51}},"7":{"start":{"line":38,"column":6},"end":{"line":38,"column":57}},"8":{"start":{"line":40,"column":6},"end":{"line":40,"column":51}},"9":{"start":{"line":41,"column":6},"end":{"line":41,"column":54}},"10":{"start":{"line":46,"column":4},"end":{"line":99,"column":6}},"11":{"start":{"line":13,"column":13},"end":{"line":13,"column":25}},"12":{"start":{"line":13,"column":13},"end":{"line":101,"column":null}}},"fnMap":{"0":{"name":"(anonymous_11)","decl":{"start":{"line":16,"column":2},"end":{"line":16,"column":null}},"loc":{"start":{"line":16,"column":2},"end":{"line":26,"column":3}}},"1":{"name":"(anonymous_12)","decl":{"start":{"line":28,"column":2},"end":{"line":28,"column":7}},"loc":{"start":{"line":28,"column":47},"end":{"line":43,"column":3}}},"2":{"name":"(anonymous_13)","decl":{"start":{"line":45,"column":10},"end":{"line":45,"column":33}},"loc":{"start":{"line":45,"column":56},"end":{"line":100,"column":3}}}},"branchMap":{"0":{"loc":{"start":{"line":18,"column":12},"end":{"line":18,"column":53}},"type":"binary-expr","locations":[{"start":{"line":18,"column":12},"end":{"line":18,"column":33}},{"start":{"line":18,"column":37},"end":{"line":18,"column":53}}]},"1":{"loc":{"start":{"line":19,"column":21},"end":{"line":19,"column":51}},"type":"binary-expr","locations":[{"start":{"line":19,"column":21},"end":{"line":19,"column":42}},{"start":{"line":19,"column":46},"end":{"line":19,"column":51}}]},"2":{"loc":{"start":{"line":30,"column":12},"end":{"line":30,"column":60}},"type":"binary-expr","locations":[{"start":{"line":30,"column":12},"end":{"line":30,"column":33}},{"start":{"line":30,"column":37},"end":{"line":30,"column":60}}]}},"s":{"0":3,"1":3,"2":3,"3":0,"4":0,"5":0,"6":0,"7":0,"8":0,"9":0,"10":0,"11":3,"12":3},"f":{"0":0,"1":0,"2":0},"b":{"0":[0,0],"1":[0,0],"2":[0,0]}}
,"/home/niko/Dev/FlexQueue/organization/src/organization/service/organization-signup.service.ts": {"path":"/home/niko/Dev/FlexQueue/organization/src/organization/service/organization-signup.service.ts","statementMap":{"0":{"start":{"line":1,"column":0},"end":{"line":1,"column":71}},"1":{"start":{"line":2,"column":0},"end":{"line":2,"column":77}},"2":{"start":{"line":4,"column":0},"end":{"line":4,"column":47}},"3":{"start":{"line":5,"column":0},"end":{"line":5,"column":79}},"4":{"start":{"line":7,"column":0},"end":{"line":7,"column":null}},"5":{"start":{"line":12,"column":0},"end":{"line":12,"column":33}},"6":{"start":{"line":13,"column":0},"end":{"line":13,"column":33}},"7":{"start":{"line":16,"column":7},"end":{"line":91,"column":null}},"8":{"start":{"line":28,"column":40},"end":{"line":28,"column":69}},"9":{"start":{"line":31,"column":25},"end":{"line":31,"column":91}},"10":{"start":{"line":33,"column":4},"end":{"line":35,"column":5}},"11":{"start":{"line":34,"column":6},"end":{"line":34,"column":62}},"12":{"start":{"line":38,"column":30},"end":{"line":38,"column":62}},"13":{"start":{"line":39,"column":25},"end":{"line":39,"column":67}},"14":{"start":{"line":41,"column":4},"end":{"line":67,"column":5}},"15":{"start":{"line":42,"column":21},"end":{"line":46,"column":8}},"16":{"start":{"line":49,"column":23},"end":{"line":49,"column":80}},"17":{"start":{"line":51,"column":6},"end":{"line":57,"column":9}},"18":{"start":{"line":59,"column":6},"end":{"line":63,"column":8}},"19":{"start":{"line":65,"column":6},"end":{"line":65,"column":44}},"20":{"start":{"line":66,"column":6},"end":{"line":66,"column":76}},"21":{"start":{"line":71,"column":4},"end":{"line":71,"column":46}},"22":{"start":{"line":75,"column":19},"end":{"line":75,"column":21}},"23":{"start":{"line":76,"column":20},"end":{"line":76,"column":92}},"24":{"start":{"line":77,"column":19},"end":{"line":77,"column":21}},"25":{"start":{"line":78,"column":24},"end":{"line":78,"column":50}},"26":{"start":{"line":80,"column":4},"end":{"line":82,"column":5}},"27":{"start":{"line":80,"column":17},"end":{"line":80,"column":18}},"28":{"start":{"line":81,"column":6},"end":{"line":81,"column":59}},"29":{"start":{"line":84,"column":4},"end":{"line":84,"column":20}},"30":{"start":{"line":88,"column":23},"end":{"line":88,"column":25}},"31":{"start":{"line":89,"column":4},"end":{"line":89,"column":45}},"32":{"start":{"line":16,"column":13},"end":{"line":16,"column":38}},"33":{"start":{"line":18,"column":17},"end":{"line":18,"column":null}},"34":{"start":{"line":20,"column":17},"end":{"line":20,"column":null}},"35":{"start":{"line":22,"column":17},"end":{"line":22,"column":null}},"36":{"start":{"line":24,"column":17},"end":{"line":24,"column":null}},"37":{"start":{"line":16,"column":13},"end":{"line":91,"column":null}}},"fnMap":{"0":{"name":"(anonymous_11)","decl":{"start":{"line":27,"column":2},"end":{"line":27,"column":7}},"loc":{"start":{"line":27,"column":41},"end":{"line":68,"column":3}}},"1":{"name":"(anonymous_12)","decl":{"start":{"line":70,"column":2},"end":{"line":70,"column":7}},"loc":{"start":{"line":70,"column":45},"end":{"line":72,"column":3}}},"2":{"name":"(anonymous_13)","decl":{"start":{"line":74,"column":10},"end":{"line":74,"column":35}},"loc":{"start":{"line":74,"column":35},"end":{"line":85,"column":3}}},"3":{"name":"(anonymous_14)","decl":{"start":{"line":87,"column":10},"end":{"line":87,"column":15}},"loc":{"start":{"line":87,"column":45},"end":{"line":90,"column":3}}}},"branchMap":{"0":{"loc":{"start":{"line":33,"column":4},"end":{"line":35,"column":5}},"type":"if","locations":[{"start":{"line":33,"column":4},"end":{"line":35,"column":5}},{"start":{},"end":{}}]},"1":{"loc":{"start":{"line":49,"column":26},"end":{"line":49,"column":72}},"type":"binary-expr","locations":[{"start":{"line":49,"column":26},"end":{"line":49,"column":45}},{"start":{"line":49,"column":49},"end":{"line":49,"column":72}}]},"2":{"loc":{"start":{"line":18,"column":25},"end":{"line":18,"column":null}},"type":"cond-expr","locations":[{"start":{"line":18,"column":49},"end":{"line":18,"column":null}},{"start":{"line":18,"column":49},"end":{"line":18,"column":null}}]},"3":{"loc":{"start":{"line":18,"column":25},"end":{"line":18,"column":49}},"type":"binary-expr","locations":[{"start":{"line":18,"column":25},"end":{"line":18,"column":null}},{"start":{"line":18,"column":25},"end":{"line":18,"column":49}}]},"4":{"loc":{"start":{"line":20,"column":31},"end":{"line":20,"column":44}},"type":"cond-expr","locations":[{"start":{"line":20,"column":43},"end":{"line":20,"column":44}},{"start":{"line":20,"column":43},"end":{"line":20,"column":44}}]},"5":{"loc":{"start":{"line":20,"column":31},"end":{"line":20,"column":43}},"type":"binary-expr","locations":[{"start":{"line":20,"column":31},"end":{"line":20,"column":44}},{"start":{"line":20,"column":31},"end":{"line":20,"column":43}}]},"6":{"loc":{"start":{"line":22,"column":41},"end":{"line":22,"column":64}},"type":"cond-expr","locations":[{"start":{"line":22,"column":63},"end":{"line":22,"column":64}},{"start":{"line":22,"column":63},"end":{"line":22,"column":64}}]},"7":{"loc":{"start":{"line":22,"column":41},"end":{"line":22,"column":63}},"type":"binary-expr","locations":[{"start":{"line":22,"column":41},"end":{"line":22,"column":64}},{"start":{"line":22,"column":41},"end":{"line":22,"column":63}}]},"8":{"loc":{"start":{"line":24,"column":31},"end":{"line":24,"column":56}},"type":"cond-expr","locations":[{"start":{"line":24,"column":55},"end":{"line":24,"column":56}},{"start":{"line":24,"column":55},"end":{"line":24,"column":56}}]},"9":{"loc":{"start":{"line":24,"column":31},"end":{"line":24,"column":55}},"type":"binary-expr","locations":[{"start":{"line":24,"column":31},"end":{"line":24,"column":56}},{"start":{"line":24,"column":31},"end":{"line":24,"column":55}}]}},"s":{"0":3,"1":3,"2":3,"3":3,"4":3,"5":3,"6":3,"7":3,"8":3,"9":3,"10":3,"11":1,"12":2,"13":2,"14":2,"15":2,"16":1,"17":1,"18":1,"19":1,"20":1,"21":2,"22":0,"23":0,"24":0,"25":0,"26":0,"27":0,"28":0,"29":0,"30":0,"31":0,"32":3,"33":3,"34":3,"35":3,"36":3,"37":3},"f":{"0":3,"1":2,"2":0,"3":0},"b":{"0":[1,2],"1":[1,0],"2":[3,0],"3":[3,3],"4":[3,0],"5":[3,3],"6":[3,0],"7":[3,3],"8":[0,3],"9":[3,0]}}
,"/home/niko/Dev/FlexQueue/organization/src/organization/service/organization-token.service.ts": {"path":"/home/niko/Dev/FlexQueue/organization/src/organization/service/organization-token.service.ts","statementMap":{"0":{"start":{"line":1,"column":0},"end":{"line":1,"column":44}},"1":{"start":{"line":3,"column":0},"end":{"line":3,"column":33}},"2":{"start":{"line":14,"column":7},"end":{"line":87,"column":null}},"3":{"start":{"line":16,"column":22},"end":{"line":16,"column":74}},"4":{"start":{"line":17,"column":18},"end":{"line":26,"column":null}},"5":{"start":{"line":28,"column":4},"end":{"line":28,"column":32}},"6":{"start":{"line":32,"column":22},"end":{"line":32,"column":88}},"7":{"start":{"line":33,"column":18},"end":{"line":42,"column":null}},"8":{"start":{"line":44,"column":4},"end":{"line":44,"column":32}},"9":{"start":{"line":48,"column":19},"end":{"line":48,"column":47}},"10":{"start":{"line":49,"column":16},"end":{"line":49,"column":45}},"11":{"start":{"line":50,"column":28},"end":{"line":50,"column":69}},"12":{"start":{"line":52,"column":26},"end":{"line":52,"column":70}},"13":{"start":{"line":53,"column":27},"end":{"line":53,"column":80}},"14":{"start":{"line":54,"column":26},"end":{"line":54,"column":62}},"15":{"start":{"line":56,"column":22},"end":{"line":62,"column":26}},"16":{"start":{"line":64,"column":4},"end":{"line":64,"column":43}},"17":{"start":{"line":68,"column":4},"end":{"line":72,"column":27}},"18":{"start":{"line":76,"column":4},"end":{"line":76,"column":41}},"19":{"start":{"line":80,"column":16},"end":{"line":80,"column":33}},"20":{"start":{"line":81,"column":4},"end":{"line":83,"column":5}},"21":{"start":{"line":82,"column":6},"end":{"line":82,"column":22}},"22":{"start":{"line":84,"column":19},"end":{"line":84,"column":30}},"23":{"start":{"line":85,"column":4},"end":{"line":85,"column":81}},"24":{"start":{"line":14,"column":13},"end":{"line":14,"column":37}},"25":{"start":{"line":14,"column":13},"end":{"line":87,"column":null}}},"fnMap":{"0":{"name":"(anonymous_10)","decl":{"start":{"line":15,"column":2},"end":{"line":15,"column":18}},"loc":{"start":{"line":15,"column":29},"end":{"line":29,"column":3}}},"1":{"name":"(anonymous_11)","decl":{"start":{"line":31,"column":2},"end":{"line":31,"column":19}},"loc":{"start":{"line":31,"column":30},"end":{"line":45,"column":3}}},"2":{"name":"(anonymous_12)","decl":{"start":{"line":47,"column":10},"end":{"line":47,"column":19}},"loc":{"start":{"line":47,"column":76},"end":{"line":65,"column":3}}},"3":{"name":"(anonymous_13)","decl":{"start":{"line":67,"column":10},"end":{"line":67,"column":25}},"loc":{"start":{"line":67,"column":39},"end":{"line":73,"column":3}}},"4":{"name":"(anonymous_14)","decl":{"start":{"line":75,"column":10},"end":{"line":75,"column":17}},"loc":{"start":{"line":75,"column":48},"end":{"line":77,"column":3}}},"5":{"name":"(anonymous_15)","decl":{"start":{"line":79,"column":10},"end":{"line":79,"column":20}},"loc":{"start":{"line":79,"column":51},"end":{"line":86,"column":3}}}},"branchMap":{"0":{"loc":{"start":{"line":76,"column":11},"end":{"line":76,"column":40}},"type":"binary-expr","locations":[{"start":{"line":76,"column":11},"end":{"line":76,"column":28}},{"start":{"line":76,"column":32},"end":{"line":76,"column":40}}]},"1":{"loc":{"start":{"line":81,"column":4},"end":{"line":83,"column":5}},"type":"if","locations":[{"start":{"line":81,"column":4},"end":{"line":83,"column":5}},{"start":{},"end":{}}]},"2":{"loc":{"start":{"line":85,"column":11},"end":{"line":85,"column":80}},"type":"cond-expr","locations":[{"start":{"line":85,"column":51},"end":{"line":85,"column":69}},{"start":{"line":85,"column":72},"end":{"line":85,"column":80}}]},"3":{"loc":{"start":{"line":85,"column":11},"end":{"line":85,"column":48}},"type":"binary-expr","locations":[{"start":{"line":85,"column":11},"end":{"line":85,"column":34}},{"start":{"line":85,"column":38},"end":{"line":85,"column":48}}]}},"s":{"0":1,"1":1,"2":1,"3":0,"4":0,"5":0,"6":0,"7":0,"8":0,"9":0,"10":0,"11":0,"12":0,"13":0,"14":0,"15":0,"16":0,"17":0,"18":0,"19":0,"20":0,"21":0,"22":0,"23":0,"24":1,"25":1},"f":{"0":0,"1":0,"2":0,"3":0,"4":0,"5":0},"b":{"0":[0,0],"1":[0,0],"2":[0,0],"3":[0,0]}}
,"/home/niko/Dev/FlexQueue/organization/src/prisma/prisma.service.ts": {"path":"/home/niko/Dev/FlexQueue/organization/src/prisma/prisma.service.ts","statementMap":{"0":{"start":{"line":1,"column":0},"end":{"line":1,"column":93}},"1":{"start":{"line":2,"column":0},"end":{"line":2,"column":46}},"2":{"start":{"line":3,"column":0},"end":{"line":3,"column":46}},"3":{"start":{"line":4,"column":0},"end":{"line":4,"column":26}},"4":{"start":{"line":7,"column":7},"end":{"line":35,"column":null}},"5":{"start":{"line":11,"column":17},"end":{"line":13,"column":6}},"6":{"start":{"line":14,"column":20},"end":{"line":14,"column":38}},"7":{"start":{"line":15,"column":4},"end":{"line":15,"column":23}},"8":{"start":{"line":16,"column":4},"end":{"line":16,"column":21}},"9":{"start":{"line":20,"column":4},"end":{"line":20,"column":26}},"10":{"start":{"line":21,"column":4},"end":{"line":21,"column":51}},"11":{"start":{"line":25,"column":4},"end":{"line":25,"column":29}},"12":{"start":{"line":26,"column":4},"end":{"line":26,"column":26}},"13":{"start":{"line":27,"column":4},"end":{"line":27,"column":41}},"14":{"start":{"line":31,"column":4},"end":{"line":33,"column":7}},"15":{"start":{"line":32,"column":6},"end":{"line":32,"column":24}},"16":{"start":{"line":7,"column":13},"end":{"line":7,"column":26}},"17":{"start":{"line":7,"column":13},"end":{"line":35,"column":null}}},"fnMap":{"0":{"name":"(anonymous_2)","decl":{"start":{"line":10,"column":2},"end":{"line":10,"column":null}},"loc":{"start":{"line":10,"column":2},"end":{"line":17,"column":3}}},"1":{"name":"(anonymous_3)","decl":{"start":{"line":19,"column":2},"end":{"line":19,"column":7}},"loc":{"start":{"line":19,"column":20},"end":{"line":22,"column":3}}},"2":{"name":"(anonymous_4)","decl":{"start":{"line":24,"column":2},"end":{"line":24,"column":7}},"loc":{"start":{"line":24,"column":23},"end":{"line":28,"column":3}}},"3":{"name":"(anonymous_5)","decl":{"start":{"line":30,"column":2},"end":{"line":30,"column":7}},"loc":{"start":{"line":30,"column":49},"end":{"line":34,"column":3}}},"4":{"name":"(anonymous_6)","decl":{"start":{"line":31,"column":29},"end":{"line":31,"column":34}},"loc":{"start":{"line":31,"column":40},"end":{"line":33,"column":5}}}},"branchMap":{},"s":{"0":5,"1":5,"2":5,"3":5,"4":5,"5":1,"6":1,"7":1,"8":1,"9":0,"10":0,"11":0,"12":0,"13":0,"14":0,"15":0,"16":5,"17":5},"f":{"0":1,"1":0,"2":0,"3":0,"4":0},"b":{}}
}
