{"/home/niko/Dev/FlexQueue/organization/src/app.controller.ts": {"path":"/home/niko/Dev/FlexQueue/organization/src/app.controller.ts","statementMap":{"0":{"start":{"line":1,"column":0},"end":{"line":1,"column":49}},"1":{"start":{"line":2,"column":0},"end":{"line":2,"column":60}},"2":{"start":{"line":3,"column":0},"end":{"line":3,"column":43}},"3":{"start":{"line":6,"column":7},"end":{"line":15,"column":null}},"4":{"start":{"line":7,"column":31},"end":{"line":7,"column":43}},"5":{"start":{"line":13,"column":4},"end":{"line":13,"column":38}},"6":{"start":{"line":6,"column":13},"end":{"line":6,"column":26}},"7":{"start":{"line":12,"column":2},"end":{"line":14,"column":null}},"8":{"start":{"line":6,"column":13},"end":{"line":15,"column":null}}},"fnMap":{"0":{"name":"(anonymous_2)","decl":{"start":{"line":7,"column":2},"end":{"line":7,"column":31}},"loc":{"start":{"line":7,"column":53},"end":{"line":7,"column":57}}},"1":{"name":"(anonymous_3)","decl":{"start":{"line":12,"column":2},"end":{"line":12,"column":10}},"loc":{"start":{"line":12,"column":10},"end":{"line":14,"column":3}}}},"branchMap":{"0":{"loc":{"start":{"line":7,"column":43},"end":{"line":7,"column":56}},"type":"cond-expr","locations":[{"start":{"line":7,"column":53},"end":{"line":7,"column":56}},{"start":{"line":7,"column":53},"end":{"line":7,"column":56}}]},"1":{"loc":{"start":{"line":7,"column":43},"end":{"line":7,"column":53}},"type":"binary-expr","locations":[{"start":{"line":7,"column":43},"end":{"line":7,"column":56}},{"start":{"line":7,"column":43},"end":{"line":7,"column":53}}]}},"s":{"0":1,"1":1,"2":1,"3":1,"4":1,"5":1,"6":1,"7":1,"8":1},"f":{"0":1,"1":1},"b":{"0":[1,0],"1":[1,1]}}
,"/home/niko/Dev/FlexQueue/organization/src/app.service.ts": {"path":"/home/niko/Dev/FlexQueue/organization/src/app.service.ts","statementMap":{"0":{"start":{"line":1,"column":0},"end":{"line":1,"column":44}},"1":{"start":{"line":4,"column":7},"end":{"line":8,"column":null}},"2":{"start":{"line":6,"column":4},"end":{"line":6,"column":26}},"3":{"start":{"line":4,"column":13},"end":{"line":4,"column":23}},"4":{"start":{"line":4,"column":13},"end":{"line":8,"column":null}}},"fnMap":{"0":{"name":"(anonymous_1)","decl":{"start":{"line":5,"column":2},"end":{"line":5,"column":10}},"loc":{"start":{"line":5,"column":10},"end":{"line":7,"column":3}}}},"branchMap":{},"s":{"0":1,"1":1,"2":1,"3":1,"4":1},"f":{"0":1},"b":{}}
,"/home/niko/Dev/FlexQueue/organization/src/organization/controller/organization-login.controller.ts": {"path":"/home/niko/Dev/FlexQueue/organization/src/organization/controller/organization-login.controller.ts","statementMap":{"0":{"start":{"line":1,"column":0},"end":{"line":1,"column":64}},"1":{"start":{"line":2,"column":0},"end":{"line":2,"column":69}},"2":{"start":{"line":3,"column":0},"end":{"line":3,"column":69}},"3":{"start":{"line":4,"column":0},"end":{"line":4,"column":83}},"4":{"start":{"line":8,"column":7},"end":{"line":19,"column":null}},"5":{"start":{"line":17,"column":4},"end":{"line":17,"column":54}},"6":{"start":{"line":8,"column":13},"end":{"line":8,"column":40}},"7":{"start":{"line":10,"column":19},"end":{"line":10,"column":null}},"8":{"start":{"line":16,"column":8},"end":{"line":18,"column":null}},"9":{"start":{"line":8,"column":13},"end":{"line":19,"column":null}}},"fnMap":{"0":{"name":"(anonymous_4)","decl":{"start":{"line":16,"column":8},"end":{"line":16,"column":13}},"loc":{"start":{"line":16,"column":48},"end":{"line":18,"column":3}}}},"branchMap":{"0":{"loc":{"start":{"line":10,"column":46},"end":{"line":10,"column":72}},"type":"cond-expr","locations":[{"start":{"line":10,"column":71},"end":{"line":10,"column":72}},{"start":{"line":10,"column":71},"end":{"line":10,"column":72}}]},"1":{"loc":{"start":{"line":10,"column":46},"end":{"line":10,"column":71}},"type":"binary-expr","locations":[{"start":{"line":10,"column":46},"end":{"line":10,"column":72}},{"start":{"line":10,"column":46},"end":{"line":10,"column":71}}]},"2":{"loc":{"start":{"line":16,"column":28},"end":{"line":16,"column":null}},"type":"cond-expr","locations":[{"start":{"line":16,"column":48},"end":{"line":16,"column":null}},{"start":{"line":16,"column":48},"end":{"line":16,"column":null}}]},"3":{"loc":{"start":{"line":16,"column":28},"end":{"line":16,"column":48}},"type":"binary-expr","locations":[{"start":{"line":16,"column":28},"end":{"line":16,"column":null}},{"start":{"line":16,"column":28},"end":{"line":16,"column":48}}]}},"s":{"0":1,"1":1,"2":1,"3":1,"4":1,"5":2,"6":1,"7":1,"8":1,"9":1},"f":{"0":2},"b":{"0":[1,0],"1":[1,1],"2":[1,0],"3":[1,1]}}
,"/home/niko/Dev/FlexQueue/organization/src/organization/controller/organization-signup.controller.ts": {"path":"/home/niko/Dev/FlexQueue/organization/src/organization/controller/organization-signup.controller.ts","statementMap":{"0":{"start":{"line":1,"column":0},"end":{"line":1,"column":86}},"1":{"start":{"line":2,"column":0},"end":{"line":2,"column":83}},"2":{"start":{"line":3,"column":0},"end":{"line":3,"column":71}},"3":{"start":{"line":6,"column":7},"end":{"line":16,"column":null}},"4":{"start":{"line":14,"column":4},"end":{"line":14,"column":48}},"5":{"start":{"line":6,"column":13},"end":{"line":6,"column":41}},"6":{"start":{"line":9,"column":19},"end":{"line":9,"column":null}},"7":{"start":{"line":13,"column":8},"end":{"line":15,"column":null}},"8":{"start":{"line":6,"column":13},"end":{"line":16,"column":null}}},"fnMap":{"0":{"name":"(anonymous_4)","decl":{"start":{"line":13,"column":8},"end":{"line":13,"column":14}},"loc":{"start":{"line":13,"column":55},"end":{"line":15,"column":3}}}},"branchMap":{"0":{"loc":{"start":{"line":9,"column":34},"end":{"line":9,"column":60}},"type":"cond-expr","locations":[{"start":{"line":9,"column":59},"end":{"line":9,"column":60}},{"start":{"line":9,"column":59},"end":{"line":9,"column":60}}]},"1":{"loc":{"start":{"line":9,"column":34},"end":{"line":9,"column":59}},"type":"binary-expr","locations":[{"start":{"line":9,"column":34},"end":{"line":9,"column":60}},{"start":{"line":9,"column":34},"end":{"line":9,"column":59}}]},"2":{"loc":{"start":{"line":13,"column":34},"end":{"line":13,"column":null}},"type":"cond-expr","locations":[{"start":{"line":13,"column":55},"end":{"line":13,"column":null}},{"start":{"line":13,"column":55},"end":{"line":13,"column":null}}]},"3":{"loc":{"start":{"line":13,"column":34},"end":{"line":13,"column":55}},"type":"binary-expr","locations":[{"start":{"line":13,"column":34},"end":{"line":13,"column":null}},{"start":{"line":13,"column":34},"end":{"line":13,"column":55}}]}},"s":{"0":1,"1":1,"2":1,"3":1,"4":5,"5":1,"6":1,"7":1,"8":1},"f":{"0":5},"b":{"0":[1,0],"1":[1,1],"2":[1,0],"3":[1,1]}}
,"/home/niko/Dev/FlexQueue/organization/src/organization/dto/login-organization.dto.ts": {"path":"/home/niko/Dev/FlexQueue/organization/src/organization/dto/login-organization.dto.ts","statementMap":{"0":{"start":{"line":1,"column":0},"end":{"line":1,"column":46}},"1":{"start":{"line":2,"column":0},"end":{"line":2,"column":54}},"2":{"start":{"line":4,"column":0},"end":{"line":4,"column":13}},"3":{"start":{"line":10,"column":2},"end":{"line":10,"column":null}},"4":{"start":{"line":17,"column":2},"end":{"line":17,"column":null}}},"fnMap":{},"branchMap":{},"s":{"0":1,"1":1,"2":1,"3":1,"4":1},"f":{},"b":{}}
,"/home/niko/Dev/FlexQueue/organization/src/organization/dto/organization-prisma.mapper.ts": {"path":"/home/niko/Dev/FlexQueue/organization/src/organization/dto/organization-prisma.mapper.ts","statementMap":{"0":{"start":{"line":1,"column":0},"end":{"line":1,"column":44}},"1":{"start":{"line":2,"column":0},"end":{"line":2,"column":58}},"2":{"start":{"line":7,"column":7},"end":{"line":56,"column":null}},"3":{"start":{"line":9,"column":4},"end":{"line":11,"column":5}},"4":{"start":{"line":10,"column":6},"end":{"line":10,"column":23}},"5":{"start":{"line":13,"column":4},"end":{"line":28,"column":5}},"6":{"start":{"line":15,"column":8},"end":{"line":15,"column":40}},"7":{"start":{"line":17,"column":8},"end":{"line":17,"column":43}},"8":{"start":{"line":19,"column":8},"end":{"line":19,"column":54}},"9":{"start":{"line":21,"column":8},"end":{"line":21,"column":39}},"10":{"start":{"line":23,"column":8},"end":{"line":23,"column":43}},"11":{"start":{"line":25,"column":8},"end":{"line":25,"column":38}},"12":{"start":{"line":27,"column":8},"end":{"line":27,"column":25}},"13":{"start":{"line":39,"column":29},"end":{"line":39,"column":63}},"14":{"start":{"line":41,"column":4},"end":{"line":53,"column":6}},"15":{"start":{"line":7,"column":13},"end":{"line":7,"column":37}},"16":{"start":{"line":7,"column":13},"end":{"line":56,"column":null}}},"fnMap":{"0":{"name":"(anonymous_1)","decl":{"start":{"line":8,"column":2},"end":{"line":8,"column":21}},"loc":{"start":{"line":8,"column":35},"end":{"line":29,"column":3}}},"1":{"name":"(anonymous_2)","decl":{"start":{"line":31,"column":2},"end":{"line":31,"column":14}},"loc":{"start":{"line":31,"column":41},"end":{"line":54,"column":3}}}},"branchMap":{"0":{"loc":{"start":{"line":9,"column":4},"end":{"line":11,"column":5}},"type":"if","locations":[{"start":{"line":9,"column":4},"end":{"line":11,"column":5}},{"start":{},"end":{}}]},"1":{"loc":{"start":{"line":13,"column":4},"end":{"line":28,"column":5}},"type":"switch","locations":[{"start":{"line":14,"column":6},"end":{"line":15,"column":40}},{"start":{"line":16,"column":6},"end":{"line":17,"column":43}},{"start":{"line":18,"column":6},"end":{"line":19,"column":54}},{"start":{"line":20,"column":6},"end":{"line":21,"column":39}},{"start":{"line":22,"column":6},"end":{"line":23,"column":43}},{"start":{"line":24,"column":6},"end":{"line":25,"column":38}},{"start":{"line":26,"column":6},"end":{"line":27,"column":25}}]},"2":{"loc":{"start":{"line":46,"column":12},"end":{"line":46,"column":62}},"type":"cond-expr","locations":[{"start":{"line":46,"column":31},"end":{"line":46,"column":57}},{"start":{"line":46,"column":60},"end":{"line":46,"column":62}}]}},"s":{"0":3,"1":3,"2":3,"3":0,"4":0,"5":0,"6":0,"7":0,"8":0,"9":0,"10":0,"11":0,"12":0,"13":0,"14":0,"15":3,"16":3},"f":{"0":0,"1":0},"b":{"0":[0,0],"1":[0,0,0,0,0,0,0],"2":[0,0]}}
,"/home/niko/Dev/FlexQueue/organization/src/organization/dto/organization.constants.ts": {"path":"/home/niko/Dev/FlexQueue/organization/src/organization/dto/organization.constants.ts","statementMap":{"0":{"start":{"line":2,"column":13},"end":{"line":9,"column":12}}},"fnMap":{},"branchMap":{},"s":{"0":1},"f":{},"b":{}}
,"/home/niko/Dev/FlexQueue/organization/src/organization/dto/signup.organization.dto.ts": {"path":"/home/niko/Dev/FlexQueue/organization/src/organization/dto/signup.organization.dto.ts","statementMap":{"0":{"start":{"line":1,"column":0},"end":{"line":1,"column":null}},"1":{"start":{"line":8,"column":0},"end":{"line":8,"column":46}},"2":{"start":{"line":9,"column":0},"end":{"line":9,"column":68}},"3":{"start":{"line":12,"column":0},"end":{"line":12,"column":13}},"4":{"start":{"line":21,"column":1},"end":{"line":21,"column":null}},"5":{"start":{"line":30,"column":1},"end":{"line":30,"column":null}},"6":{"start":{"line":41,"column":1},"end":{"line":41,"column":null}},"7":{"start":{"line":52,"column":1},"end":{"line":52,"column":null}},"8":{"start":{"line":61,"column":1},"end":{"line":61,"column":null}},"9":{"start":{"line":70,"column":1},"end":{"line":70,"column":null}},"10":{"start":{"line":79,"column":1},"end":{"line":79,"column":null}}},"fnMap":{},"branchMap":{},"s":{"0":1,"1":1,"2":1,"3":1,"4":1,"5":1,"6":1,"7":1,"8":1,"9":1,"10":1},"f":{},"b":{}}
,"/home/niko/Dev/FlexQueue/organization/src/organization/provider/local-organization-auth.provider.ts": {"path":"/home/niko/Dev/FlexQueue/organization/src/organization/provider/local-organization-auth.provider.ts","statementMap":{"0":{"start":{"line":1,"column":0},"end":{"line":1,"column":75}},"1":{"start":{"line":7,"column":0},"end":{"line":7,"column":79}},"2":{"start":{"line":8,"column":0},"end":{"line":8,"column":81}},"3":{"start":{"line":9,"column":0},"end":{"line":9,"column":33}},"4":{"start":{"line":12,"column":7},"end":{"line":43,"column":null}},"5":{"start":{"line":20,"column":17},"end":{"line":20,"column":83}},"6":{"start":{"line":21,"column":4},"end":{"line":23,"column":5}},"7":{"start":{"line":22,"column":6},"end":{"line":22,"column":61}},"8":{"start":{"line":25,"column":18},"end":{"line":25,"column":73}},"9":{"start":{"line":26,"column":4},"end":{"line":28,"column":5}},"10":{"start":{"line":27,"column":6},"end":{"line":27,"column":61}},"11":{"start":{"line":30,"column":38},"end":{"line":30,"column":42}},"12":{"start":{"line":31,"column":24},"end":{"line":31,"column":64}},"13":{"start":{"line":32,"column":25},"end":{"line":32,"column":66}},"14":{"start":{"line":34,"column":4},"end":{"line":41,"column":6}},"15":{"start":{"line":12,"column":13},"end":{"line":12,"column":42}},"16":{"start":{"line":14,"column":19},"end":{"line":14,"column":null}},"17":{"start":{"line":17,"column":19},"end":{"line":17,"column":null}},"18":{"start":{"line":12,"column":13},"end":{"line":43,"column":null}}},"fnMap":{"0":{"name":"(anonymous_11)","decl":{"start":{"line":19,"column":2},"end":{"line":19,"column":7}},"loc":{"start":{"line":19,"column":45},"end":{"line":42,"column":3}}}},"branchMap":{"0":{"loc":{"start":{"line":21,"column":4},"end":{"line":23,"column":5}},"type":"if","locations":[{"start":{"line":21,"column":4},"end":{"line":23,"column":5}},{"start":{},"end":{}}]},"1":{"loc":{"start":{"line":21,"column":8},"end":{"line":21,"column":38}},"type":"binary-expr","locations":[{"start":{"line":21,"column":8},"end":{"line":21,"column":13}},{"start":{"line":21,"column":17},"end":{"line":21,"column":38}}]},"2":{"loc":{"start":{"line":26,"column":4},"end":{"line":28,"column":5}},"type":"if","locations":[{"start":{"line":26,"column":4},"end":{"line":28,"column":5}},{"start":{},"end":{}}]},"3":{"loc":{"start":{"line":14,"column":43},"end":{"line":14,"column":66}},"type":"cond-expr","locations":[{"start":{"line":14,"column":65},"end":{"line":14,"column":66}},{"start":{"line":14,"column":65},"end":{"line":14,"column":66}}]},"4":{"loc":{"start":{"line":14,"column":43},"end":{"line":14,"column":65}},"type":"binary-expr","locations":[{"start":{"line":14,"column":43},"end":{"line":14,"column":66}},{"start":{"line":14,"column":43},"end":{"line":14,"column":65}}]},"5":{"loc":{"start":{"line":17,"column":33},"end":{"line":17,"column":58}},"type":"cond-expr","locations":[{"start":{"line":17,"column":57},"end":{"line":17,"column":58}},{"start":{"line":17,"column":57},"end":{"line":17,"column":58}}]},"6":{"loc":{"start":{"line":17,"column":33},"end":{"line":17,"column":57}},"type":"binary-expr","locations":[{"start":{"line":17,"column":33},"end":{"line":17,"column":58}},{"start":{"line":17,"column":33},"end":{"line":17,"column":57}}]}},"s":{"0":1,"1":1,"2":1,"3":1,"4":1,"5":4,"6":4,"7":2,"8":2,"9":2,"10":1,"11":1,"12":1,"13":1,"14":1,"15":1,"16":1,"17":1,"18":1},"f":{"0":4},"b":{"0":[2,2],"1":[4,3],"2":[1,1],"3":[1,0],"4":[1,1],"5":[1,0],"6":[1,1]}}
,"/home/niko/Dev/FlexQueue/organization/src/organization/provider/organization-auth.provider.ts": {"path":"/home/niko/Dev/FlexQueue/organization/src/organization/provider/organization-auth.provider.ts","statementMap":{"0":{"start":{"line":4,"column":13},"end":{"line":4,"column":79}}},"fnMap":{},"branchMap":{},"s":{"0":3},"f":{},"b":{}}
,"/home/niko/Dev/FlexQueue/organization/src/organization/repository/organization.repository.ts": {"path":"/home/niko/Dev/FlexQueue/organization/src/organization/repository/organization.repository.ts","statementMap":{"0":{"start":{"line":1,"column":0},"end":{"line":1,"column":52}},"1":{"start":{"line":3,"column":0},"end":{"line":3,"column":60}},"2":{"start":{"line":4,"column":0},"end":{"line":4,"column":30}},"3":{"start":{"line":13,"column":7},"end":{"line":50,"column":null}},"4":{"start":{"line":18,"column":4},"end":{"line":18,"column":51}},"5":{"start":{"line":19,"column":4},"end":{"line":21,"column":7}},"6":{"start":{"line":29,"column":54},"end":{"line":29,"column":60}},"7":{"start":{"line":31,"column":4},"end":{"line":48,"column":7}},"8":{"start":{"line":32,"column":25},"end":{"line":34,"column":8}},"9":{"start":{"line":36,"column":26},"end":{"line":45,"column":8}},"10":{"start":{"line":47,"column":6},"end":{"line":47,"column":61}},"11":{"start":{"line":13,"column":13},"end":{"line":13,"column":35}},"12":{"start":{"line":15,"column":19},"end":{"line":15,"column":null}},"13":{"start":{"line":13,"column":13},"end":{"line":50,"column":null}}},"fnMap":{"0":{"name":"(anonymous_2)","decl":{"start":{"line":17,"column":2},"end":{"line":17,"column":7}},"loc":{"start":{"line":17,"column":37},"end":{"line":22,"column":3}}},"1":{"name":"(anonymous_3)","decl":{"start":{"line":24,"column":2},"end":{"line":24,"column":7}},"loc":{"start":{"line":28,"column":3},"end":{"line":49,"column":3}}},"2":{"name":"(anonymous_4)","decl":{"start":{"line":31,"column":36},"end":{"line":31,"column":41}},"loc":{"start":{"line":31,"column":49},"end":{"line":48,"column":5}}}},"branchMap":{"0":{"loc":{"start":{"line":15,"column":27},"end":{"line":15,"column":41}},"type":"cond-expr","locations":[{"start":{"line":15,"column":40},"end":{"line":15,"column":41}},{"start":{"line":15,"column":40},"end":{"line":15,"column":41}}]},"1":{"loc":{"start":{"line":15,"column":27},"end":{"line":15,"column":40}},"type":"binary-expr","locations":[{"start":{"line":15,"column":27},"end":{"line":15,"column":41}},{"start":{"line":15,"column":27},"end":{"line":15,"column":40}}]}},"s":{"0":4,"1":4,"2":4,"3":4,"4":0,"5":0,"6":0,"7":0,"8":0,"9":0,"10":0,"11":4,"12":4,"13":4},"f":{"0":0,"1":0,"2":0},"b":{"0":[4,0],"1":[4,4]}}
,"/home/niko/Dev/FlexQueue/organization/src/organization/service/email.service.ts": {"path":"/home/niko/Dev/FlexQueue/organization/src/organization/service/email.service.ts","statementMap":{"0":{"start":{"line":1,"column":0},"end":{"line":1,"column":52}},"1":{"start":{"line":2,"column":0},"end":{"line":2,"column":41}},"2":{"start":{"line":13,"column":25},"end":{"line":104,"column":null}},"3":{"start":{"line":14,"column":19},"end":{"line":14,"column":58}},"4":{"start":{"line":18,"column":21},"end":{"line":18,"column":61}},"5":{"start":{"line":19,"column":4},"end":{"line":27,"column":7}},"6":{"start":{"line":31,"column":24},"end":{"line":36,"column":6}},"7":{"start":{"line":38,"column":4},"end":{"line":45,"column":5}},"8":{"start":{"line":39,"column":6},"end":{"line":39,"column":51}},"9":{"start":{"line":40,"column":6},"end":{"line":40,"column":61}},"10":{"start":{"line":42,"column":24},"end":{"line":42,"column":78}},"11":{"start":{"line":43,"column":6},"end":{"line":43,"column":86}},"12":{"start":{"line":44,"column":6},"end":{"line":44,"column":54}},"13":{"start":{"line":49,"column":4},"end":{"line":102,"column":6}},"14":{"start":{"line":13,"column":13},"end":{"line":13,"column":25}},"15":{"start":{"line":13,"column":13},"end":{"line":104,"column":null}}},"fnMap":{"0":{"name":"(anonymous_11)","decl":{"start":{"line":17,"column":2},"end":{"line":17,"column":null}},"loc":{"start":{"line":17,"column":2},"end":{"line":28,"column":3}}},"1":{"name":"(anonymous_12)","decl":{"start":{"line":30,"column":2},"end":{"line":30,"column":7}},"loc":{"start":{"line":30,"column":47},"end":{"line":46,"column":3}}},"2":{"name":"(anonymous_13)","decl":{"start":{"line":48,"column":10},"end":{"line":48,"column":33}},"loc":{"start":{"line":48,"column":56},"end":{"line":103,"column":3}}}},"branchMap":{"0":{"loc":{"start":{"line":18,"column":30},"end":{"line":18,"column":60}},"type":"binary-expr","locations":[{"start":{"line":18,"column":30},"end":{"line":18,"column":51}},{"start":{"line":18,"column":55},"end":{"line":18,"column":60}}]},"1":{"loc":{"start":{"line":20,"column":12},"end":{"line":20,"column":53}},"type":"binary-expr","locations":[{"start":{"line":20,"column":12},"end":{"line":20,"column":33}},{"start":{"line":20,"column":37},"end":{"line":20,"column":53}}]},"2":{"loc":{"start":{"line":32,"column":12},"end":{"line":32,"column":60}},"type":"binary-expr","locations":[{"start":{"line":32,"column":12},"end":{"line":32,"column":33}},{"start":{"line":32,"column":37},"end":{"line":32,"column":60}}]},"3":{"loc":{"start":{"line":42,"column":24},"end":{"line":42,"column":78}},"type":"cond-expr","locations":[{"start":{"line":42,"column":49},"end":{"line":42,"column":62}},{"start":{"line":42,"column":65},"end":{"line":42,"column":78}}]}},"s":{"0":3,"1":3,"2":3,"3":0,"4":0,"5":0,"6":0,"7":0,"8":0,"9":0,"10":0,"11":0,"12":0,"13":0,"14":3,"15":3},"f":{"0":0,"1":0,"2":0},"b":{"0":[0,0],"1":[0,0],"2":[0,0],"3":[0,0]}}
,"/home/niko/Dev/FlexQueue/organization/src/organization/service/organization-signup.service.ts": {"path":"/home/niko/Dev/FlexQueue/organization/src/organization/service/organization-signup.service.ts","statementMap":{"0":{"start":{"line":1,"column":0},"end":{"line":1,"column":79}},"1":{"start":{"line":2,"column":0},"end":{"line":2,"column":77}},"2":{"start":{"line":4,"column":0},"end":{"line":4,"column":47}},"3":{"start":{"line":5,"column":0},"end":{"line":5,"column":79}},"4":{"start":{"line":7,"column":0},"end":{"line":7,"column":null}},"5":{"start":{"line":12,"column":0},"end":{"line":12,"column":33}},"6":{"start":{"line":13,"column":0},"end":{"line":13,"column":33}},"7":{"start":{"line":16,"column":38},"end":{"line":105,"column":null}},"8":{"start":{"line":17,"column":19},"end":{"line":17,"column":71}},"9":{"start":{"line":29,"column":40},"end":{"line":29,"column":69}},"10":{"start":{"line":32,"column":25},"end":{"line":32,"column":91}},"11":{"start":{"line":34,"column":4},"end":{"line":36,"column":5}},"12":{"start":{"line":35,"column":6},"end":{"line":35,"column":62}},"13":{"start":{"line":38,"column":4},"end":{"line":38,"column":81}},"14":{"start":{"line":40,"column":30},"end":{"line":40,"column":62}},"15":{"start":{"line":41,"column":25},"end":{"line":41,"column":67}},"16":{"start":{"line":43,"column":4},"end":{"line":81,"column":5}},"17":{"start":{"line":44,"column":21},"end":{"line":48,"column":8}},"18":{"start":{"line":50,"column":6},"end":{"line":52,"column":8}},"19":{"start":{"line":54,"column":23},"end":{"line":54,"column":80}},"20":{"start":{"line":55,"column":20},"end":{"line":55,"column":106}},"21":{"start":{"line":57,"column":6},"end":{"line":71,"column":7}},"22":{"start":{"line":58,"column":8},"end":{"line":64,"column":11}},"23":{"start":{"line":65,"column":8},"end":{"line":65,"column":69}},"24":{"start":{"line":67,"column":27},"end":{"line":67,"column":79}},"25":{"start":{"line":68,"column":8},"end":{"line":68,"column":94}},"26":{"start":{"line":69,"column":8},"end":{"line":70,"column":136}},"27":{"start":{"line":73,"column":6},"end":{"line":77,"column":8}},"28":{"start":{"line":79,"column":6},"end":{"line":79,"column":44}},"29":{"start":{"line":80,"column":6},"end":{"line":80,"column":76}},"30":{"start":{"line":85,"column":4},"end":{"line":85,"column":46}},"31":{"start":{"line":89,"column":19},"end":{"line":89,"column":21}},"32":{"start":{"line":90,"column":20},"end":{"line":90,"column":92}},"33":{"start":{"line":91,"column":19},"end":{"line":91,"column":21}},"34":{"start":{"line":92,"column":24},"end":{"line":92,"column":50}},"35":{"start":{"line":94,"column":4},"end":{"line":96,"column":5}},"36":{"start":{"line":94,"column":17},"end":{"line":94,"column":18}},"37":{"start":{"line":95,"column":6},"end":{"line":95,"column":59}},"38":{"start":{"line":98,"column":4},"end":{"line":98,"column":20}},"39":{"start":{"line":102,"column":23},"end":{"line":102,"column":25}},"40":{"start":{"line":103,"column":4},"end":{"line":103,"column":45}},"41":{"start":{"line":16,"column":13},"end":{"line":16,"column":38}},"42":{"start":{"line":20,"column":19},"end":{"line":20,"column":null}},"43":{"start":{"line":22,"column":19},"end":{"line":22,"column":null}},"44":{"start":{"line":24,"column":19},"end":{"line":24,"column":null}},"45":{"start":{"line":26,"column":19},"end":{"line":26,"column":null}},"46":{"start":{"line":16,"column":13},"end":{"line":105,"column":null}}},"fnMap":{"0":{"name":"(anonymous_11)","decl":{"start":{"line":16,"column":7},"end":{"line":16,"column":13}},"loc":{"start":{"line":16,"column":7},"end":{"line":105,"column":1}}},"1":{"name":"(anonymous_12)","decl":{"start":{"line":28,"column":2},"end":{"line":28,"column":7}},"loc":{"start":{"line":28,"column":41},"end":{"line":82,"column":3}}},"2":{"name":"(anonymous_13)","decl":{"start":{"line":84,"column":2},"end":{"line":84,"column":7}},"loc":{"start":{"line":84,"column":45},"end":{"line":86,"column":3}}},"3":{"name":"(anonymous_14)","decl":{"start":{"line":88,"column":10},"end":{"line":88,"column":35}},"loc":{"start":{"line":88,"column":35},"end":{"line":99,"column":3}}},"4":{"name":"(anonymous_15)","decl":{"start":{"line":101,"column":10},"end":{"line":101,"column":15}},"loc":{"start":{"line":101,"column":45},"end":{"line":104,"column":3}}}},"branchMap":{"0":{"loc":{"start":{"line":34,"column":4},"end":{"line":36,"column":5}},"type":"if","locations":[{"start":{"line":34,"column":4},"end":{"line":36,"column":5}},{"start":{},"end":{}}]},"1":{"loc":{"start":{"line":54,"column":26},"end":{"line":54,"column":72}},"type":"binary-expr","locations":[{"start":{"line":54,"column":26},"end":{"line":54,"column":45}},{"start":{"line":54,"column":49},"end":{"line":54,"column":72}}]},"2":{"loc":{"start":{"line":67,"column":27},"end":{"line":67,"column":79}},"type":"cond-expr","locations":[{"start":{"line":67,"column":52},"end":{"line":67,"column":63}},{"start":{"line":67,"column":66},"end":{"line":67,"column":79}}]},"3":{"loc":{"start":{"line":20,"column":27},"end":{"line":20,"column":52}},"type":"cond-expr","locations":[{"start":{"line":20,"column":51},"end":{"line":20,"column":52}},{"start":{"line":20,"column":51},"end":{"line":20,"column":52}}]},"4":{"loc":{"start":{"line":20,"column":27},"end":{"line":20,"column":51}},"type":"binary-expr","locations":[{"start":{"line":20,"column":27},"end":{"line":20,"column":52}},{"start":{"line":20,"column":27},"end":{"line":20,"column":51}}]},"5":{"loc":{"start":{"line":22,"column":33},"end":{"line":22,"column":46}},"type":"cond-expr","locations":[{"start":{"line":22,"column":45},"end":{"line":22,"column":46}},{"start":{"line":22,"column":45},"end":{"line":22,"column":46}}]},"6":{"loc":{"start":{"line":22,"column":33},"end":{"line":22,"column":45}},"type":"binary-expr","locations":[{"start":{"line":22,"column":33},"end":{"line":22,"column":46}},{"start":{"line":22,"column":33},"end":{"line":22,"column":45}}]},"7":{"loc":{"start":{"line":24,"column":43},"end":{"line":24,"column":66}},"type":"cond-expr","locations":[{"start":{"line":24,"column":65},"end":{"line":24,"column":66}},{"start":{"line":24,"column":65},"end":{"line":24,"column":66}}]},"8":{"loc":{"start":{"line":24,"column":43},"end":{"line":24,"column":65}},"type":"binary-expr","locations":[{"start":{"line":24,"column":43},"end":{"line":24,"column":66}},{"start":{"line":24,"column":43},"end":{"line":24,"column":65}}]},"9":{"loc":{"start":{"line":26,"column":33},"end":{"line":26,"column":58}},"type":"cond-expr","locations":[{"start":{"line":26,"column":57},"end":{"line":26,"column":58}},{"start":{"line":26,"column":57},"end":{"line":26,"column":58}}]},"10":{"loc":{"start":{"line":26,"column":33},"end":{"line":26,"column":57}},"type":"binary-expr","locations":[{"start":{"line":26,"column":33},"end":{"line":26,"column":58}},{"start":{"line":26,"column":33},"end":{"line":26,"column":57}}]}},"s":{"0":3,"1":3,"2":3,"3":3,"4":3,"5":3,"6":3,"7":3,"8":7,"9":4,"10":4,"11":4,"12":1,"13":3,"14":3,"15":3,"16":3,"17":3,"18":2,"19":2,"20":2,"21":2,"22":2,"23":1,"24":1,"25":1,"26":1,"27":2,"28":1,"29":1,"30":2,"31":0,"32":0,"33":0,"34":0,"35":0,"36":0,"37":0,"38":0,"39":0,"40":0,"41":3,"42":3,"43":3,"44":3,"45":3,"46":3},"f":{"0":7,"1":4,"2":2,"3":0,"4":0},"b":{"0":[1,3],"1":[2,0],"2":[1,0],"3":[3,0],"4":[3,3],"5":[3,0],"6":[3,3],"7":[3,0],"8":[3,3],"9":[0,3],"10":[3,0]}}
,"/home/niko/Dev/FlexQueue/organization/src/organization/service/organization-token.service.ts": {"path":"/home/niko/Dev/FlexQueue/organization/src/organization/service/organization-token.service.ts","statementMap":{"0":{"start":{"line":1,"column":0},"end":{"line":1,"column":44}},"1":{"start":{"line":3,"column":0},"end":{"line":3,"column":33}},"2":{"start":{"line":14,"column":7},"end":{"line":87,"column":null}},"3":{"start":{"line":16,"column":22},"end":{"line":16,"column":74}},"4":{"start":{"line":17,"column":18},"end":{"line":26,"column":null}},"5":{"start":{"line":28,"column":4},"end":{"line":28,"column":32}},"6":{"start":{"line":32,"column":22},"end":{"line":32,"column":88}},"7":{"start":{"line":33,"column":18},"end":{"line":42,"column":null}},"8":{"start":{"line":44,"column":4},"end":{"line":44,"column":32}},"9":{"start":{"line":48,"column":19},"end":{"line":48,"column":47}},"10":{"start":{"line":49,"column":16},"end":{"line":49,"column":45}},"11":{"start":{"line":50,"column":28},"end":{"line":50,"column":69}},"12":{"start":{"line":52,"column":26},"end":{"line":52,"column":70}},"13":{"start":{"line":53,"column":27},"end":{"line":53,"column":80}},"14":{"start":{"line":54,"column":26},"end":{"line":54,"column":62}},"15":{"start":{"line":56,"column":22},"end":{"line":62,"column":26}},"16":{"start":{"line":64,"column":4},"end":{"line":64,"column":43}},"17":{"start":{"line":68,"column":4},"end":{"line":72,"column":27}},"18":{"start":{"line":76,"column":4},"end":{"line":76,"column":41}},"19":{"start":{"line":80,"column":16},"end":{"line":80,"column":33}},"20":{"start":{"line":81,"column":4},"end":{"line":83,"column":5}},"21":{"start":{"line":82,"column":6},"end":{"line":82,"column":22}},"22":{"start":{"line":84,"column":19},"end":{"line":84,"column":30}},"23":{"start":{"line":85,"column":4},"end":{"line":85,"column":81}},"24":{"start":{"line":14,"column":13},"end":{"line":14,"column":37}},"25":{"start":{"line":14,"column":13},"end":{"line":87,"column":null}}},"fnMap":{"0":{"name":"(anonymous_10)","decl":{"start":{"line":15,"column":2},"end":{"line":15,"column":18}},"loc":{"start":{"line":15,"column":29},"end":{"line":29,"column":3}}},"1":{"name":"(anonymous_11)","decl":{"start":{"line":31,"column":2},"end":{"line":31,"column":19}},"loc":{"start":{"line":31,"column":30},"end":{"line":45,"column":3}}},"2":{"name":"(anonymous_12)","decl":{"start":{"line":47,"column":10},"end":{"line":47,"column":19}},"loc":{"start":{"line":47,"column":76},"end":{"line":65,"column":3}}},"3":{"name":"(anonymous_13)","decl":{"start":{"line":67,"column":10},"end":{"line":67,"column":25}},"loc":{"start":{"line":67,"column":39},"end":{"line":73,"column":3}}},"4":{"name":"(anonymous_14)","decl":{"start":{"line":75,"column":10},"end":{"line":75,"column":17}},"loc":{"start":{"line":75,"column":48},"end":{"line":77,"column":3}}},"5":{"name":"(anonymous_15)","decl":{"start":{"line":79,"column":10},"end":{"line":79,"column":20}},"loc":{"start":{"line":79,"column":51},"end":{"line":86,"column":3}}}},"branchMap":{"0":{"loc":{"start":{"line":76,"column":11},"end":{"line":76,"column":40}},"type":"binary-expr","locations":[{"start":{"line":76,"column":11},"end":{"line":76,"column":28}},{"start":{"line":76,"column":32},"end":{"line":76,"column":40}}]},"1":{"loc":{"start":{"line":81,"column":4},"end":{"line":83,"column":5}},"type":"if","locations":[{"start":{"line":81,"column":4},"end":{"line":83,"column":5}},{"start":{},"end":{}}]},"2":{"loc":{"start":{"line":85,"column":11},"end":{"line":85,"column":80}},"type":"cond-expr","locations":[{"start":{"line":85,"column":51},"end":{"line":85,"column":69}},{"start":{"line":85,"column":72},"end":{"line":85,"column":80}}]},"3":{"loc":{"start":{"line":85,"column":11},"end":{"line":85,"column":48}},"type":"binary-expr","locations":[{"start":{"line":85,"column":11},"end":{"line":85,"column":34}},{"start":{"line":85,"column":38},"end":{"line":85,"column":48}}]}},"s":{"0":1,"1":1,"2":1,"3":0,"4":0,"5":0,"6":0,"7":0,"8":0,"9":0,"10":0,"11":0,"12":0,"13":0,"14":0,"15":0,"16":0,"17":0,"18":0,"19":0,"20":0,"21":0,"22":0,"23":0,"24":1,"25":1},"f":{"0":0,"1":0,"2":0,"3":0,"4":0,"5":0},"b":{"0":[0,0],"1":[0,0],"2":[0,0],"3":[0,0]}}
,"/home/niko/Dev/FlexQueue/organization/src/prisma/prisma.service.ts": {"path":"/home/niko/Dev/FlexQueue/organization/src/prisma/prisma.service.ts","statementMap":{"0":{"start":{"line":1,"column":0},"end":{"line":1,"column":93}},"1":{"start":{"line":2,"column":0},"end":{"line":2,"column":46}},"2":{"start":{"line":3,"column":0},"end":{"line":3,"column":46}},"3":{"start":{"line":4,"column":0},"end":{"line":4,"column":26}},"4":{"start":{"line":7,"column":7},"end":{"line":35,"column":null}},"5":{"start":{"line":11,"column":17},"end":{"line":13,"column":6}},"6":{"start":{"line":14,"column":20},"end":{"line":14,"column":38}},"7":{"start":{"line":15,"column":4},"end":{"line":15,"column":23}},"8":{"start":{"line":16,"column":4},"end":{"line":16,"column":21}},"9":{"start":{"line":20,"column":4},"end":{"line":20,"column":26}},"10":{"start":{"line":21,"column":4},"end":{"line":21,"column":51}},"11":{"start":{"line":25,"column":4},"end":{"line":25,"column":29}},"12":{"start":{"line":26,"column":4},"end":{"line":26,"column":26}},"13":{"start":{"line":27,"column":4},"end":{"line":27,"column":41}},"14":{"start":{"line":31,"column":4},"end":{"line":33,"column":7}},"15":{"start":{"line":32,"column":6},"end":{"line":32,"column":24}},"16":{"start":{"line":7,"column":13},"end":{"line":7,"column":26}},"17":{"start":{"line":7,"column":13},"end":{"line":35,"column":null}}},"fnMap":{"0":{"name":"(anonymous_2)","decl":{"start":{"line":10,"column":2},"end":{"line":10,"column":null}},"loc":{"start":{"line":10,"column":2},"end":{"line":17,"column":3}}},"1":{"name":"(anonymous_3)","decl":{"start":{"line":19,"column":2},"end":{"line":19,"column":7}},"loc":{"start":{"line":19,"column":20},"end":{"line":22,"column":3}}},"2":{"name":"(anonymous_4)","decl":{"start":{"line":24,"column":2},"end":{"line":24,"column":7}},"loc":{"start":{"line":24,"column":23},"end":{"line":28,"column":3}}},"3":{"name":"(anonymous_5)","decl":{"start":{"line":30,"column":2},"end":{"line":30,"column":7}},"loc":{"start":{"line":30,"column":49},"end":{"line":34,"column":3}}},"4":{"name":"(anonymous_6)","decl":{"start":{"line":31,"column":29},"end":{"line":31,"column":34}},"loc":{"start":{"line":31,"column":40},"end":{"line":33,"column":5}}}},"branchMap":{},"s":{"0":5,"1":5,"2":5,"3":5,"4":5,"5":1,"6":1,"7":1,"8":1,"9":0,"10":0,"11":0,"12":0,"13":0,"14":0,"15":0,"16":5,"17":5},"f":{"0":1,"1":0,"2":0,"3":0,"4":0},"b":{}}
}
